<?xml version="1.0" encoding="UTF-8"?>
<!-- Generated by org.testng.reporters.JUnitXMLReporter -->
<testsuite hostname="BALAJI" ignored="0" name="Testfb" tests="2" failures="1" timestamp="30 Jan 2019 19:53:47 GMT" time="0.574" errors="0">
  <testcase name="@BeforeClass beforeClass" time="0.472" classname="tesng.FBLoginTestNg">
    <failure type="java.lang.IllegalStateException" message="The path to the driver executable must be set by the webdriver.chrome.driver system property; for more information, see https://github.com/SeleniumHQ/selenium/wiki/ChromeDriver. The latest version can be downloaded from http://chromedriver.storage.googleapis.com/index.html">
      <![CDATA[java.lang.IllegalStateException: The path to the driver executable must be set by the webdriver.chrome.driver system property; for more information, see https://github.com/SeleniumHQ/selenium/wiki/ChromeDriver. The latest version can be downloaded from http://chromedriver.storage.googleapis.com/index.html
at com.google.common.base.Preconditions.checkState(Preconditions.java:847)
at org.openqa.selenium.remote.service.DriverService.findExecutable(DriverService.java:134)
at org.openqa.selenium.chrome.ChromeDriverService.access$000(ChromeDriverService.java:35)
at org.openqa.selenium.chrome.ChromeDriverService$Builder.findDefaultExecutable(ChromeDriverService.java:159)
at org.openqa.selenium.remote.service.DriverService$Builder.build(DriverService.java:355)
at org.openqa.selenium.chrome.ChromeDriverService.createDefaultService(ChromeDriverService.java:94)
at org.openqa.selenium.chrome.ChromeDriver.<init>(ChromeDriver.java:123)
at tesng.FBLoginTestNg.beforeClass(FBLoginTestNg.java:33)
... Removed 26 stack frames]]>
    </failure>
  </testcase> <!-- @BeforeClass beforeClass -->
  <testcase name="@BeforeMethod beforeMethod" time="0.0" classname="tesng.FBLoginTestNg">
    <skipped/>
  </testcase> <!-- @BeforeMethod beforeMethod -->
  <testcase name="@AfterMethod afterMethod" time="0.0" classname="tesng.FBLoginTestNg">
    <skipped/>
  </testcase> <!-- @AfterMethod afterMethod -->
  <testcase name="@AfterClass afterClass" time="0.0" classname="tesng.FBLoginTestNg">
    <skipped/>
  </testcase> <!-- @AfterClass afterClass -->
  <testcase name="testLogics" time="0.0" classname="tesng.FBLoginTestNg">
    <failure type="org.testng.TestNGException" message="
Parameter &amp;apos;Password&amp;apos; is required by @Test on method testLogics but has not been marked @Optional or defined
in G:\GreensTechSeleniumBalaji\Testng_Java\testng.xml">
      <![CDATA[org.testng.TestNGException: 
Parameter 'Password' is required by @Test on method testLogics but has not been marked @Optional or defined
in G:\GreensTechSeleniumBalaji\Testng_Java\testng.xml
... Removed 24 stack frames]]>
    </failure>
  </testcase> <!-- testLogics -->
  <testcase name="testLogics2" time="0.0" classname="tesng.FBLoginTestNg">
    <skipped/>
  </testcase> <!-- testLogics2 -->
</testsuite> <!-- Testfb -->
